<?xml version="1.0" encoding="UTF-8"?>
<robot generator="Robot 3.1.2 (Python 3.7.4 on win32)" generated="20190922 20:31:43.362" rpa="false">
<suite id="s1" name="Amazon" source="C:\Users\Abdul Hadi\PycharmProjects\Robot-Scripts\Amazon\tests\amazon.robot">
<test id="s1-t1" name="User Must sign in to check out">
<kw name="Open Browser http://www.amazon.com">
<arguments>
<arg>Chrome</arg>
</arguments>
<msg timestamp="20190922 20:31:43.429" level="FAIL">No keyword with name 'Open Browser http://www.amazon.com' found.</msg>
<status status="FAIL" starttime="20190922 20:31:43.429" endtime="20190922 20:31:43.429"></status>
</kw>
<doc>This is some basic info about the test</doc>
<tags>
<tag>Smoke</tag>
</tags>
<status status="FAIL" starttime="20190922 20:31:43.424" endtime="20190922 20:31:43.430" critical="yes">No keyword with name 'Open Browser http://www.amazon.com' found.</status>
</test>
<doc>This is some basic information about the whole suite</doc>
<status status="FAIL" starttime="20190922 20:31:43.365" endtime="20190922 20:31:43.430"></status>
</suite>
<statistics>
<total>
<stat pass="0" fail="1">Critical Tests</stat>
<stat pass="0" fail="1">All Tests</stat>
</total>
<tag>
<stat pass="0" fail="1">Smoke</stat>
</tag>
<suite>
<stat pass="0" fail="1" id="s1" name="Amazon">Amazon</stat>
</suite>
</statistics>
<errors>
<msg timestamp="20190922 20:31:43.422" level="ERROR">Error in file 'C:\Users\Abdul Hadi\PycharmProjects\Robot-Scripts\Amazon\tests\amazon.robot': Importing test library 'SeleniumLibrary' failed: ModuleNotFoundError: No module named 'SeleniumLibrary'
Traceback (most recent call last):
  None
PYTHONPATH:
  C:\Users\Abdul Hadi\PycharmProjects\Robot-Scripts\Amazon\venv\Scripts\robot.exe
  C:\Python37\python37.zip
  C:\Python37\DLLs
  C:\Python37\lib
  C:\Python37
  c:\users\abdul hadi\pycharmprojects\robot-scripts\amazon\venv
  c:\users\abdul hadi\pycharmprojects\robot-scripts\amazon\venv\lib\site-packages
  c:\users\abdul hadi\pycharmprojects\robot-scripts\amazon\venv\lib\site-packages\setuptools-40.8.0-py3.7.egg
  c:\users\abdul hadi\pycharmprojects\robot-scripts\amazon\venv\lib\site-packages\pip-19.0.3-py3.7.egg</msg>
</errors>
</robot>
