<?xml version="1.0" encoding="UTF-8"?>
<robot generator="Robot 3.1.2 (Python 3.7.4 on win32)" generated="20190922 20:31:42.358" rpa="false">
<suite id="s1" name="Amazon" source="C:\Users\Abdul Hadi\PycharmProjects\Robot-Scripts\Amazon\tests\amazon.robot">
<test id="s1-t1" name="User Must sign in to check out">
<kw name="No Operation" library="BuiltIn">
<doc>Does absolutely nothing.</doc>
<status status="NOT_RUN" starttime="20190922 20:31:42.401" endtime="20190922 20:31:42.401"></status>
</kw>
<doc>This is some basic info about the test</doc>
<tags>
<tag>Smoke</tag>
</tags>
<status status="PASS" starttime="20190922 20:31:42.400" endtime="20190922 20:31:42.401" critical="yes"></status>
</test>
<doc>This is some basic information about the whole suite</doc>
<status status="PASS" starttime="20190922 20:31:42.361" endtime="20190922 20:31:42.402"></status>
</suite>
<statistics>
<total>
<stat pass="1" fail="0">Critical Tests</stat>
<stat pass="1" fail="0">All Tests</stat>
</total>
<tag>
<stat pass="1" fail="0">Smoke</stat>
</tag>
<suite>
<stat pass="1" fail="0" id="s1" name="Amazon">Amazon</stat>
</suite>
</statistics>
<errors>
<msg timestamp="20190922 20:31:42.399" level="ERROR">Error in file 'C:\Users\Abdul Hadi\PycharmProjects\Robot-Scripts\Amazon\tests\amazon.robot': Importing test library 'SeleniumLibrary' failed: ModuleNotFoundError: No module named 'SeleniumLibrary'
Traceback (most recent call last):
  None
PYTHONPATH:
  C:\Users\Abdul Hadi\PycharmProjects\Robot-Scripts\Amazon\venv\Scripts
  C:\Python37\python37.zip
  C:\Python37\DLLs
  C:\Python37\lib
  C:\Python37
  C:\Users\Abdul Hadi\PycharmProjects\Robot-Scripts\Amazon\venv
  C:\Users\Abdul Hadi\PycharmProjects\Robot-Scripts\Amazon\venv\lib\site-packages
  C:\Users\Abdul Hadi\PycharmProjects\Robot-Scripts\Amazon\venv\lib\site-packages\setuptools-40.8.0-py3.7.egg
  C:\Users\Abdul Hadi\PycharmProjects\Robot-Scripts\Amazon\venv\lib\site-packages\pip-19.0.3-py3.7.egg</msg>
</errors>
</robot>
